<?xml version="1.0" encoding="UTF-8"?>
<testng-results skipped="0" failed="1" total="2" passed="1">
  <reporter-output>
    <line>
      <![CDATA[Verify correct title is displayed]]>
    </line>
    <line>
      <![CDATA[Verufy correct search button functionality]]>
    </line>
  </reporter-output>
  <suite name="Suite" duration-ms="16297" started-at="2013-12-07T02:21:12Z" finished-at="2013-12-07T02:21:28Z">
    <groups>
    </groups>
    <test name="Test" duration-ms="16297" started-at="2013-12-07T02:21:12Z" finished-at="2013-12-07T02:21:28Z">
      <class name="ar.com.selenium.fw.scripts.SmokeTest">
        <test-method status="PASS" signature="beforeSuite()[pri:0, instance:ar.com.selenium.fw.scripts.SmokeTest@2048a158]" name="beforeSuite" is-config="true" duration-ms="10158" started-at="2013-12-06T23:21:01Z" finished-at="2013-12-06T23:21:12Z">
          <reporter-output>
          </reporter-output>
        </test-method> <!-- beforeSuite -->
        <test-method status="PASS" signature="verifyEnterOnWikipedia()[pri:0, instance:ar.com.selenium.fw.scripts.SmokeTest@2048a158]" name="verifyEnterOnWikipedia" duration-ms="4747" started-at="2013-12-06T23:21:12Z" description="Go to Wikipedia Home Page" finished-at="2013-12-06T23:21:16Z">
          <reporter-output>
            <line>
              <![CDATA[Verify correct title is displayed]]>
            </line>
          </reporter-output>
        </test-method> <!-- verifyEnterOnWikipedia -->
        <test-method status="FAIL" signature="verifySearchButtonFunctionality()[pri:0, instance:ar.com.selenium.fw.scripts.SmokeTest@2048a158]" name="verifySearchButtonFunctionality" duration-ms="11538" started-at="2013-12-06T23:21:16Z" description="Go to Wikipedia Home Page" finished-at="2013-12-06T23:21:28Z">
          <exception class="java.lang.AssertionError">
            <message>
              <![CDATA[expected [true] but found [false]]]>
            </message>
            <full-stacktrace>
              <![CDATA[java.lang.AssertionError: expected [true] but found [false]
	at org.testng.Assert.fail(Assert.java:94)
	at org.testng.Assert.failNotEquals(Assert.java:494)
	at org.testng.Assert.assertTrue(Assert.java:42)
	at org.testng.Assert.assertTrue(Assert.java:52)
	at ar.com.selenium.fw.scripts.SmokeTest.verifySearchButtonFunctionality(SmokeTest.java:45)
	at sun.reflect.NativeMethodAccessorImpl.invoke0(Native Method)
	at sun.reflect.NativeMethodAccessorImpl.invoke(Unknown Source)
	at sun.reflect.DelegatingMethodAccessorImpl.invoke(Unknown Source)
	at java.lang.reflect.Method.invoke(Unknown Source)
	at org.testng.internal.MethodInvocationHelper.invokeMethod(MethodInvocationHelper.java:84)
	at org.testng.internal.Invoker.invokeMethod(Invoker.java:714)
	at org.testng.internal.Invoker.invokeTestMethod(Invoker.java:901)
	at org.testng.internal.Invoker.invokeTestMethods(Invoker.java:1231)
	at org.testng.internal.TestMethodWorker.invokeTestMethods(TestMethodWorker.java:127)
	at org.testng.internal.TestMethodWorker.run(TestMethodWorker.java:111)
	at org.testng.TestRunner.privateRun(TestRunner.java:767)
	at org.testng.TestRunner.run(TestRunner.java:617)
	at org.testng.SuiteRunner.runTest(SuiteRunner.java:335)
	at org.testng.SuiteRunner.runSequentially(SuiteRunner.java:330)
	at org.testng.SuiteRunner.privateRun(SuiteRunner.java:291)
	at org.testng.SuiteRunner.run(SuiteRunner.java:240)
	at org.testng.SuiteRunnerWorker.runSuite(SuiteRunnerWorker.java:52)
	at org.testng.SuiteRunnerWorker.run(SuiteRunnerWorker.java:86)
	at org.testng.TestNG.runSuitesSequentially(TestNG.java:1224)
	at org.testng.TestNG.runSuitesLocally(TestNG.java:1149)
	at org.testng.TestNG.run(TestNG.java:1057)
	at org.testng.remote.RemoteTestNG.run(RemoteTestNG.java:111)
	at org.testng.remote.RemoteTestNG.initAndRun(RemoteTestNG.java:204)
	at org.testng.remote.RemoteTestNG.main(RemoteTestNG.java:175)
]]>
            </full-stacktrace>
          </exception> <!-- java.lang.AssertionError -->
          <reporter-output>
            <line>
              <![CDATA[Verufy correct search button functionality]]>
            </line>
          </reporter-output>
        </test-method> <!-- verifySearchButtonFunctionality -->
        <test-method status="PASS" signature="afterSuite()[pri:0, instance:ar.com.selenium.fw.scripts.SmokeTest@2048a158]" name="afterSuite" is-config="true" duration-ms="129" started-at="2013-12-06T23:21:28Z" finished-at="2013-12-06T23:21:28Z">
          <reporter-output>
          </reporter-output>
        </test-method> <!-- afterSuite -->
      </class> <!-- ar.com.selenium.fw.scripts.SmokeTest -->
    </test> <!-- Test -->
  </suite> <!-- Suite -->
</testng-results>
