<?xml version="1.0" encoding="UTF-8"?>
<testng-results skipped="0" failed="1" total="2" passed="1">
  <reporter-output>
    <line>
      <![CDATA[Verify correct title is displayed]]>
    </line>
    <line>
      <![CDATA[Verufy correct search button functionality]]>
    </line>
  </reporter-output>
  <suite name="Suite" duration-ms="18132" started-at="2013-12-06T23:40:08Z" finished-at="2013-12-06T23:40:26Z">
    <groups>
    </groups>
    <test name="Test" duration-ms="18132" started-at="2013-12-06T23:40:08Z" finished-at="2013-12-06T23:40:26Z">
      <class name="ar.com.selenium.fw.scripts.SmokeTest">
        <test-method status="PASS" signature="beforeSuite()[pri:0, instance:ar.com.selenium.fw.scripts.SmokeTest@12cab783]" name="beforeSuite" is-config="true" duration-ms="12395" started-at="2013-12-06T23:39:55Z" finished-at="2013-12-06T23:40:08Z">
        </test-method> <!-- beforeSuite -->
        <test-method status="PASS" signature="verifyEnterOnWikipedia()[pri:0, instance:ar.com.selenium.fw.scripts.SmokeTest@12cab783]" name="verifyEnterOnWikipedia" duration-ms="5097" started-at="2013-12-06T23:40:08Z" description="Go to Wikipedia Home Page" finished-at="2013-12-06T23:40:13Z">
        </test-method> <!-- verifyEnterOnWikipedia -->
        <test-method status="FAIL" signature="verifySearchButtonFunctionality()[pri:0, instance:ar.com.selenium.fw.scripts.SmokeTest@12cab783]" name="verifySearchButtonFunctionality" duration-ms="12867" started-at="2013-12-06T23:40:13Z" description="Go to Wikipedia Home Page" finished-at="2013-12-06T23:40:26Z">
          <exception class="java.lang.AssertionError">
            <message>
              <![CDATA[expected:<true> but was:<false>]]>
            </message>
            <full-stacktrace>
              <![CDATA[java.lang.AssertionError: expected:<true> but was:<false>
	at org.testng.Assert.fail(Assert.java:89)
	at org.testng.Assert.failNotEquals(Assert.java:489)
	at org.testng.Assert.assertTrue(Assert.java:37)
	at org.testng.Assert.assertTrue(Assert.java:47)
	at ar.com.selenium.fw.scripts.SmokeTest.verifySearchButtonFunctionality(SmokeTest.java:45)
	at sun.reflect.NativeMethodAccessorImpl.invoke0(Native Method)
	at sun.reflect.NativeMethodAccessorImpl.invoke(NativeMethodAccessorImpl.java:57)
	at sun.reflect.DelegatingMethodAccessorImpl.invoke(DelegatingMethodAccessorImpl.java:43)
	at java.lang.reflect.Method.invoke(Method.java:606)
	at org.testng.internal.MethodInvocationHelper.invokeMethod(MethodInvocationHelper.java:80)
	at org.testng.internal.Invoker.invokeMethod(Invoker.java:702)
	at org.testng.internal.Invoker.invokeTestMethod(Invoker.java:894)
	at org.testng.internal.Invoker.invokeTestMethods(Invoker.java:1219)
	at org.testng.internal.TestMethodWorker.invokeTestMethods(TestMethodWorker.java:127)
	at org.testng.internal.TestMethodWorker.run(TestMethodWorker.java:111)
	at org.testng.TestRunner.privateRun(TestRunner.java:768)
	at org.testng.TestRunner.run(TestRunner.java:617)
	at org.testng.SuiteRunner.runTest(SuiteRunner.java:334)
	at org.testng.SuiteRunner.runSequentially(SuiteRunner.java:329)
	at org.testng.SuiteRunner.privateRun(SuiteRunner.java:291)
	at org.testng.SuiteRunner.run(SuiteRunner.java:240)
	at org.testng.SuiteRunnerWorker.runSuite(SuiteRunnerWorker.java:53)
	at org.testng.SuiteRunnerWorker.run(SuiteRunnerWorker.java:87)
	at org.testng.TestNG.runSuitesSequentially(TestNG.java:1188)
	at org.testng.TestNG.runSuitesLocally(TestNG.java:1113)
	at org.testng.TestNG.run(TestNG.java:1025)
	at org.apache.maven.surefire.testng.TestNGExecutor.run(TestNGExecutor.java:177)
	at org.apache.maven.surefire.testng.TestNGXmlTestSuite.execute(TestNGXmlTestSuite.java:92)
	at org.apache.maven.surefire.testng.TestNGProvider.invoke(TestNGProvider.java:105)
	at sun.reflect.NativeMethodAccessorImpl.invoke0(Native Method)
	at sun.reflect.NativeMethodAccessorImpl.invoke(NativeMethodAccessorImpl.java:57)
	at sun.reflect.DelegatingMethodAccessorImpl.invoke(DelegatingMethodAccessorImpl.java:43)
	at java.lang.reflect.Method.invoke(Method.java:606)
	at org.apache.maven.surefire.util.ReflectionUtils.invokeMethodWithArray(ReflectionUtils.java:189)
	at org.apache.maven.surefire.booter.ProviderFactory$ProviderProxy.invoke(ProviderFactory.java:165)
	at org.apache.maven.surefire.booter.ProviderFactory.invokeProvider(ProviderFactory.java:85)
	at org.apache.maven.surefire.booter.ForkedBooter.runSuitesInProcess(ForkedBooter.java:103)
	at org.apache.maven.surefire.booter.ForkedBooter.main(ForkedBooter.java:74)
]]>
            </full-stacktrace>
          </exception> <!-- java.lang.AssertionError -->
        </test-method> <!-- verifySearchButtonFunctionality -->
        <test-method status="PASS" signature="afterSuite()[pri:0, instance:ar.com.selenium.fw.scripts.SmokeTest@12cab783]" name="afterSuite" is-config="true" duration-ms="757" started-at="2013-12-06T23:40:26Z" finished-at="2013-12-06T23:40:27Z">
        </test-method> <!-- afterSuite -->
      </class> <!-- ar.com.selenium.fw.scripts.SmokeTest -->
    </test> <!-- Test -->
  </suite> <!-- Suite -->
</testng-results>
