<?xml version="1.0" encoding="UTF-8"?>
<!-- Generated by org.testng.reporters.JUnitXMLReporter -->
<testsuite hostname="pc_desarrollo" name="Test" tests="2" failures="1" timestamp="21 Aug 2013 17:31:27 GMT" time="34.174" errors="0">
  <testcase name="verifyEnterOnWikipedia" time="12.339" classname="ar.com.selenium.fw.scripts.SmokeTest"/>
  <testcase name="verifySearchButtonFunctionality" time="21.763" classname="ar.com.selenium.fw.scripts.SmokeTest">
    <failure type="java.lang.AssertionError" message="expected [true] but found [false]">
      <![CDATA[java.lang.AssertionError: expected [true] but found [false]
	at ar.com.selenium.fw.scripts.SmokeTest.verifySearchButtonFunctionality(SmokeTest.java:44)
... Removed 28 stack frames]]>
    </failure>
  </testcase> <!-- verifySearchButtonFunctionality -->
</testsuite> <!-- Test -->
